
*** Running vivado
    with args -log ADC_Parallel_ADC_Stream_0_0.vds -m64 -product Vivado -mode batch -messageDb vivado.pb -notrace -source ADC_Parallel_ADC_Stream_0_0.tcl


****** Vivado v2017.4 (64-bit)
  **** SW Build 2086221 on Fri Dec 15 20:55:39 MST 2017
  **** IP Build 2085800 on Fri Dec 15 22:25:07 MST 2017
    ** Copyright 1986-2017 Xilinx, Inc. All Rights Reserved.

source ADC_Parallel_ADC_Stream_0_0.tcl -notrace
Command: synth_design -top ADC_Parallel_ADC_Stream_0_0 -part xc7z010clg400-1 -mode out_of_context
Starting synth_design
Attempting to get a license for feature 'Synthesis' and/or device 'xc7z010'
INFO: [Common 17-349] Got license for feature 'Synthesis' and/or device 'xc7z010'
INFO: Launching helper process for spawning children vivado processes
INFO: Helper process launched with PID 11360 
---------------------------------------------------------------------------------
Starting RTL Elaboration : Time (s): cpu = 00:00:09 ; elapsed = 00:00:10 . Memory (MB): peak = 355.496 ; gain = 103.520
---------------------------------------------------------------------------------
INFO: [Synth 8-638] synthesizing module 'ADC_Parallel_ADC_Stream_0_0' [d:/NextLab/Vivado/redpitaya_Practice/redpitaya_Practice.srcs/sources_1/bd/ADC/ip/ADC_Parallel_ADC_Stream_0_0/synth/ADC_Parallel_ADC_Stream_0_0.v:57]
INFO: [Synth 8-638] synthesizing module 'Parallel_ADC_Stream_v1_0' [d:/NextLab/Vivado/redpitaya_Practice/redpitaya_Practice.srcs/sources_1/bd/ADC/ipshared/01ea/hdl/Parallel_ADC_Stream_v1_0.v:4]
	Parameter NUMBER_OF_OUTPUT_WORDS bound to: 1028 - type: integer 
	Parameter C_M00_AXIS_TDATA_WIDTH bound to: 32 - type: integer 
INFO: [Synth 8-638] synthesizing module 'Parallel_ADC_Stream_v1_0_M00_AXIS' [d:/NextLab/Vivado/redpitaya_Practice/redpitaya_Practice.srcs/sources_1/bd/ADC/ipshared/01ea/hdl/Parallel_ADC_Stream_v1_0_M00_AXIS.v:4]
	Parameter NUMBER_OF_OUTPUT_WORDS bound to: 1024 - type: integer 
	Parameter C_M_AXIS_TDATA_WIDTH bound to: 32 - type: integer 
INFO: [Synth 8-638] synthesizing module 'IBUFGDS' [C:/Xilinx/Vivado/2017.4/scripts/rt/data/unisim_comp.v:19906]
	Parameter CAPACITANCE bound to: DONT_CARE - type: string 
	Parameter DIFF_TERM bound to: FALSE - type: string 
	Parameter IBUF_DELAY_VALUE bound to: 0 - type: string 
	Parameter IBUF_LOW_PWR bound to: TRUE - type: string 
	Parameter IOSTANDARD bound to: DEFAULT - type: string 
INFO: [Synth 8-256] done synthesizing module 'IBUFGDS' (1#1) [C:/Xilinx/Vivado/2017.4/scripts/rt/data/unisim_comp.v:19906]
INFO: [Synth 8-638] synthesizing module 'BUFG' [C:/Xilinx/Vivado/2017.4/scripts/rt/data/unisim_comp.v:607]
INFO: [Synth 8-256] done synthesizing module 'BUFG' (2#1) [C:/Xilinx/Vivado/2017.4/scripts/rt/data/unisim_comp.v:607]
INFO: [Synth 8-256] done synthesizing module 'Parallel_ADC_Stream_v1_0_M00_AXIS' (3#1) [d:/NextLab/Vivado/redpitaya_Practice/redpitaya_Practice.srcs/sources_1/bd/ADC/ipshared/01ea/hdl/Parallel_ADC_Stream_v1_0_M00_AXIS.v:4]
INFO: [Synth 8-256] done synthesizing module 'Parallel_ADC_Stream_v1_0' (4#1) [d:/NextLab/Vivado/redpitaya_Practice/redpitaya_Practice.srcs/sources_1/bd/ADC/ipshared/01ea/hdl/Parallel_ADC_Stream_v1_0.v:4]
INFO: [Synth 8-256] done synthesizing module 'ADC_Parallel_ADC_Stream_0_0' (5#1) [d:/NextLab/Vivado/redpitaya_Practice/redpitaya_Practice.srcs/sources_1/bd/ADC/ip/ADC_Parallel_ADC_Stream_0_0/synth/ADC_Parallel_ADC_Stream_0_0.v:57]
WARNING: [Synth 8-3331] design Parallel_ADC_Stream_v1_0_M00_AXIS has unconnected port M_AXIS_ACLK
---------------------------------------------------------------------------------
Finished RTL Elaboration : Time (s): cpu = 00:00:11 ; elapsed = 00:00:12 . Memory (MB): peak = 408.066 ; gain = 156.090
---------------------------------------------------------------------------------

Report Check Netlist: 
+------+------------------+-------+---------+-------+------------------+
|      |Item              |Errors |Warnings |Status |Description       |
+------+------------------+-------+---------+-------+------------------+
|1     |multi_driven_nets |      0|        0|Passed |Multi driven nets |
+------+------------------+-------+---------+-------+------------------+
---------------------------------------------------------------------------------
Finished RTL Optimization Phase 1 : Time (s): cpu = 00:00:11 ; elapsed = 00:00:12 . Memory (MB): peak = 408.066 ; gain = 156.090
---------------------------------------------------------------------------------
INFO: [Netlist 29-17] Analyzing 1 Unisim elements for replacement
INFO: [Netlist 29-28] Unisim Transformation completed in 0 CPU seconds
INFO: [Device 21-403] Loading part xc7z010clg400-1
INFO: [Project 1-570] Preparing netlist for logic optimization

Processing XDC Constraints
Initializing timing engine
Completed Processing XDC Constraints

INFO: [Project 1-111] Unisim Transformation Summary:
  A total of 1 instances were transformed.
  IBUFGDS => IBUFDS: 1 instances

Constraint Validation Runtime : Time (s): cpu = 00:00:00 ; elapsed = 00:00:00.025 . Memory (MB): peak = 725.223 ; gain = 0.000
---------------------------------------------------------------------------------
Finished Constraint Validation : Time (s): cpu = 00:00:32 ; elapsed = 00:00:34 . Memory (MB): peak = 725.223 ; gain = 473.246
---------------------------------------------------------------------------------
---------------------------------------------------------------------------------
Start Loading Part and Timing Information
---------------------------------------------------------------------------------
Loading part: xc7z010clg400-1
---------------------------------------------------------------------------------
Finished Loading Part and Timing Information : Time (s): cpu = 00:00:32 ; elapsed = 00:00:35 . Memory (MB): peak = 725.223 ; gain = 473.246
---------------------------------------------------------------------------------
---------------------------------------------------------------------------------
Start Applying 'set_property' XDC Constraints
---------------------------------------------------------------------------------
---------------------------------------------------------------------------------
Finished applying 'set_property' XDC Constraints : Time (s): cpu = 00:00:32 ; elapsed = 00:00:35 . Memory (MB): peak = 725.223 ; gain = 473.246
---------------------------------------------------------------------------------
INFO: [Synth 8-5545] ROM "tx_done" won't be mapped to RAM because address size (32) is larger than maximum supported(25)
INFO: [Synth 8-5545] ROM "tx_done" won't be mapped to RAM because address size (32) is larger than maximum supported(25)
INFO: [Synth 8-5545] ROM "sample" won't be mapped to RAM because address size (32) is larger than maximum supported(25)
---------------------------------------------------------------------------------
Finished RTL Optimization Phase 2 : Time (s): cpu = 00:00:32 ; elapsed = 00:00:35 . Memory (MB): peak = 725.223 ; gain = 473.246
---------------------------------------------------------------------------------

Report RTL Partitions: 
+-+--------------+------------+----------+
| |RTL Partition |Replication |Instances |
+-+--------------+------------+----------+
+-+--------------+------------+----------+
---------------------------------------------------------------------------------
Start RTL Component Statistics 
---------------------------------------------------------------------------------
Detailed RTL Component Info : 
+---Adders : 
	   2 Input     32 Bit       Adders := 1     
+---Registers : 
	               32 Bit    Registers := 3     
	                5 Bit    Registers := 1     
+---Muxes : 
	   3 Input     32 Bit        Muxes := 1     
	   2 Input     32 Bit        Muxes := 5     
	   2 Input     14 Bit        Muxes := 5     
	   2 Input      5 Bit        Muxes := 1     
	   2 Input      4 Bit        Muxes := 1     
	   2 Input      3 Bit        Muxes := 1     
	   2 Input      2 Bit        Muxes := 1     
	   2 Input      1 Bit        Muxes := 3     
---------------------------------------------------------------------------------
Finished RTL Component Statistics 
---------------------------------------------------------------------------------
---------------------------------------------------------------------------------
Start RTL Hierarchical Component Statistics 
---------------------------------------------------------------------------------
Hierarchical RTL Component report 
Module Parallel_ADC_Stream_v1_0_M00_AXIS 
Detailed RTL Component Info : 
+---Adders : 
	   2 Input     32 Bit       Adders := 1     
+---Registers : 
	               32 Bit    Registers := 3     
	                5 Bit    Registers := 1     
+---Muxes : 
	   3 Input     32 Bit        Muxes := 1     
	   2 Input     32 Bit        Muxes := 5     
	   2 Input     14 Bit        Muxes := 5     
	   2 Input      5 Bit        Muxes := 1     
	   2 Input      4 Bit        Muxes := 1     
	   2 Input      3 Bit        Muxes := 1     
	   2 Input      2 Bit        Muxes := 1     
	   2 Input      1 Bit        Muxes := 3     
---------------------------------------------------------------------------------
Finished RTL Hierarchical Component Statistics
---------------------------------------------------------------------------------
---------------------------------------------------------------------------------
Start Part Resource Summary
---------------------------------------------------------------------------------
Part Resources:
DSPs: 80 (col length:40)
BRAMs: 120 (col length: RAMB18 40 RAMB36 20)
---------------------------------------------------------------------------------
Finished Part Resource Summary
---------------------------------------------------------------------------------
---------------------------------------------------------------------------------
Start Cross Boundary and Area Optimization
---------------------------------------------------------------------------------
INFO: [Synth 8-5545] ROM "inst/Parallel_ADC_Stream_v1_0_M00_AXIS_inst/sample" won't be mapped to RAM because address size (32) is larger than maximum supported(25)
INFO: [Synth 8-5545] ROM "inst/Parallel_ADC_Stream_v1_0_M00_AXIS_inst/tx_done" won't be mapped to RAM because address size (32) is larger than maximum supported(25)
INFO: [Synth 8-5545] ROM "inst/Parallel_ADC_Stream_v1_0_M00_AXIS_inst/tx_done" won't be mapped to RAM because address size (32) is larger than maximum supported(25)
INFO: [Synth 8-3917] design ADC_Parallel_ADC_Stream_0_0 has port m00_axis_tstrb[3] driven by constant 1
INFO: [Synth 8-3917] design ADC_Parallel_ADC_Stream_0_0 has port m00_axis_tstrb[2] driven by constant 1
INFO: [Synth 8-3917] design ADC_Parallel_ADC_Stream_0_0 has port m00_axis_tstrb[1] driven by constant 1
INFO: [Synth 8-3917] design ADC_Parallel_ADC_Stream_0_0 has port m00_axis_tstrb[0] driven by constant 1
WARNING: [Synth 8-3331] design ADC_Parallel_ADC_Stream_0_0 has unconnected port m00_axis_aclk
INFO: [Synth 8-3886] merging instance 'inst/Parallel_ADC_Stream_v1_0_M00_AXIS_inst/start_reg[1]' (FDRE) to 'inst/Parallel_ADC_Stream_v1_0_M00_AXIS_inst/start_reg[2]'
INFO: [Synth 8-3886] merging instance 'inst/Parallel_ADC_Stream_v1_0_M00_AXIS_inst/start_reg[2]' (FDRE) to 'inst/Parallel_ADC_Stream_v1_0_M00_AXIS_inst/start_reg[3]'
INFO: [Synth 8-3886] merging instance 'inst/Parallel_ADC_Stream_v1_0_M00_AXIS_inst/tx_done_reg[3]' (FDE) to 'inst/Parallel_ADC_Stream_v1_0_M00_AXIS_inst/tx_done_reg[4]'
INFO: [Synth 8-3886] merging instance 'inst/Parallel_ADC_Stream_v1_0_M00_AXIS_inst/tx_done_reg[4]' (FDE) to 'inst/Parallel_ADC_Stream_v1_0_M00_AXIS_inst/tx_done_reg[2]'
INFO: [Synth 8-3886] merging instance 'inst/Parallel_ADC_Stream_v1_0_M00_AXIS_inst/tx_done_reg[1]' (FDE) to 'inst/Parallel_ADC_Stream_v1_0_M00_AXIS_inst/tx_done_reg[2]'
INFO: [Synth 8-3886] merging instance 'inst/Parallel_ADC_Stream_v1_0_M00_AXIS_inst/start_reg[3]' (FDRE) to 'inst/Parallel_ADC_Stream_v1_0_M00_AXIS_inst/start_reg[4]'
INFO: [Synth 8-3886] merging instance 'inst/Parallel_ADC_Stream_v1_0_M00_AXIS_inst/start_reg[4]' (FDRE) to 'inst/Parallel_ADC_Stream_v1_0_M00_AXIS_inst/start_reg[5]'
INFO: [Synth 8-3886] merging instance 'inst/Parallel_ADC_Stream_v1_0_M00_AXIS_inst/start_reg[5]' (FDRE) to 'inst/Parallel_ADC_Stream_v1_0_M00_AXIS_inst/start_reg[6]'
INFO: [Synth 8-3886] merging instance 'inst/Parallel_ADC_Stream_v1_0_M00_AXIS_inst/start_reg[6]' (FDRE) to 'inst/Parallel_ADC_Stream_v1_0_M00_AXIS_inst/start_reg[7]'
INFO: [Synth 8-3886] merging instance 'inst/Parallel_ADC_Stream_v1_0_M00_AXIS_inst/start_reg[7]' (FDRE) to 'inst/Parallel_ADC_Stream_v1_0_M00_AXIS_inst/start_reg[8]'
INFO: [Synth 8-3886] merging instance 'inst/Parallel_ADC_Stream_v1_0_M00_AXIS_inst/start_reg[8]' (FDRE) to 'inst/Parallel_ADC_Stream_v1_0_M00_AXIS_inst/start_reg[9]'
INFO: [Synth 8-3886] merging instance 'inst/Parallel_ADC_Stream_v1_0_M00_AXIS_inst/start_reg[9]' (FDRE) to 'inst/Parallel_ADC_Stream_v1_0_M00_AXIS_inst/start_reg[10]'
INFO: [Synth 8-3886] merging instance 'inst/Parallel_ADC_Stream_v1_0_M00_AXIS_inst/start_reg[10]' (FDRE) to 'inst/Parallel_ADC_Stream_v1_0_M00_AXIS_inst/start_reg[11]'
INFO: [Synth 8-3886] merging instance 'inst/Parallel_ADC_Stream_v1_0_M00_AXIS_inst/start_reg[11]' (FDRE) to 'inst/Parallel_ADC_Stream_v1_0_M00_AXIS_inst/start_reg[12]'
INFO: [Synth 8-3886] merging instance 'inst/Parallel_ADC_Stream_v1_0_M00_AXIS_inst/start_reg[12]' (FDRE) to 'inst/Parallel_ADC_Stream_v1_0_M00_AXIS_inst/start_reg[13]'
INFO: [Synth 8-3886] merging instance 'inst/Parallel_ADC_Stream_v1_0_M00_AXIS_inst/start_reg[13]' (FDRE) to 'inst/Parallel_ADC_Stream_v1_0_M00_AXIS_inst/start_reg[14]'
INFO: [Synth 8-3886] merging instance 'inst/Parallel_ADC_Stream_v1_0_M00_AXIS_inst/start_reg[14]' (FDRE) to 'inst/Parallel_ADC_Stream_v1_0_M00_AXIS_inst/start_reg[15]'
INFO: [Synth 8-3886] merging instance 'inst/Parallel_ADC_Stream_v1_0_M00_AXIS_inst/start_reg[15]' (FDRE) to 'inst/Parallel_ADC_Stream_v1_0_M00_AXIS_inst/start_reg[16]'
INFO: [Synth 8-3886] merging instance 'inst/Parallel_ADC_Stream_v1_0_M00_AXIS_inst/start_reg[16]' (FDRE) to 'inst/Parallel_ADC_Stream_v1_0_M00_AXIS_inst/start_reg[17]'
INFO: [Synth 8-3886] merging instance 'inst/Parallel_ADC_Stream_v1_0_M00_AXIS_inst/start_reg[17]' (FDRE) to 'inst/Parallel_ADC_Stream_v1_0_M00_AXIS_inst/start_reg[18]'
INFO: [Synth 8-3886] merging instance 'inst/Parallel_ADC_Stream_v1_0_M00_AXIS_inst/start_reg[18]' (FDRE) to 'inst/Parallel_ADC_Stream_v1_0_M00_AXIS_inst/start_reg[19]'
INFO: [Synth 8-3886] merging instance 'inst/Parallel_ADC_Stream_v1_0_M00_AXIS_inst/start_reg[19]' (FDRE) to 'inst/Parallel_ADC_Stream_v1_0_M00_AXIS_inst/start_reg[20]'
INFO: [Synth 8-3886] merging instance 'inst/Parallel_ADC_Stream_v1_0_M00_AXIS_inst/start_reg[20]' (FDRE) to 'inst/Parallel_ADC_Stream_v1_0_M00_AXIS_inst/start_reg[21]'
INFO: [Synth 8-3886] merging instance 'inst/Parallel_ADC_Stream_v1_0_M00_AXIS_inst/start_reg[21]' (FDRE) to 'inst/Parallel_ADC_Stream_v1_0_M00_AXIS_inst/start_reg[22]'
INFO: [Synth 8-3886] merging instance 'inst/Parallel_ADC_Stream_v1_0_M00_AXIS_inst/start_reg[22]' (FDRE) to 'inst/Parallel_ADC_Stream_v1_0_M00_AXIS_inst/start_reg[23]'
INFO: [Synth 8-3886] merging instance 'inst/Parallel_ADC_Stream_v1_0_M00_AXIS_inst/start_reg[23]' (FDRE) to 'inst/Parallel_ADC_Stream_v1_0_M00_AXIS_inst/start_reg[24]'
INFO: [Synth 8-3886] merging instance 'inst/Parallel_ADC_Stream_v1_0_M00_AXIS_inst/start_reg[24]' (FDRE) to 'inst/Parallel_ADC_Stream_v1_0_M00_AXIS_inst/start_reg[25]'
INFO: [Synth 8-3886] merging instance 'inst/Parallel_ADC_Stream_v1_0_M00_AXIS_inst/start_reg[25]' (FDRE) to 'inst/Parallel_ADC_Stream_v1_0_M00_AXIS_inst/start_reg[26]'
INFO: [Synth 8-3886] merging instance 'inst/Parallel_ADC_Stream_v1_0_M00_AXIS_inst/start_reg[26]' (FDRE) to 'inst/Parallel_ADC_Stream_v1_0_M00_AXIS_inst/start_reg[27]'
INFO: [Synth 8-3886] merging instance 'inst/Parallel_ADC_Stream_v1_0_M00_AXIS_inst/start_reg[27]' (FDRE) to 'inst/Parallel_ADC_Stream_v1_0_M00_AXIS_inst/start_reg[28]'
INFO: [Synth 8-3886] merging instance 'inst/Parallel_ADC_Stream_v1_0_M00_AXIS_inst/start_reg[28]' (FDRE) to 'inst/Parallel_ADC_Stream_v1_0_M00_AXIS_inst/start_reg[29]'
INFO: [Synth 8-3886] merging instance 'inst/Parallel_ADC_Stream_v1_0_M00_AXIS_inst/start_reg[29]' (FDRE) to 'inst/Parallel_ADC_Stream_v1_0_M00_AXIS_inst/start_reg[30]'
INFO: [Synth 8-3886] merging instance 'inst/Parallel_ADC_Stream_v1_0_M00_AXIS_inst/start_reg[30]' (FDRE) to 'inst/Parallel_ADC_Stream_v1_0_M00_AXIS_inst/start_reg[31]'
INFO: [Synth 8-3333] propagating constant 0 across sequential element (\inst/Parallel_ADC_Stream_v1_0_M00_AXIS_inst/start_reg[31] )
INFO: [Synth 8-3886] merging instance 'inst/Parallel_ADC_Stream_v1_0_M00_AXIS_inst/stream_data_out_reg[14]' (FDE) to 'inst/Parallel_ADC_Stream_v1_0_M00_AXIS_inst/stream_data_out_reg[15]'
INFO: [Synth 8-3886] merging instance 'inst/Parallel_ADC_Stream_v1_0_M00_AXIS_inst/stream_data_out_reg[15]' (FDE) to 'inst/Parallel_ADC_Stream_v1_0_M00_AXIS_inst/stream_data_out_reg[16]'
INFO: [Synth 8-3886] merging instance 'inst/Parallel_ADC_Stream_v1_0_M00_AXIS_inst/stream_data_out_reg[16]' (FDE) to 'inst/Parallel_ADC_Stream_v1_0_M00_AXIS_inst/stream_data_out_reg[17]'
INFO: [Synth 8-3886] merging instance 'inst/Parallel_ADC_Stream_v1_0_M00_AXIS_inst/stream_data_out_reg[17]' (FDE) to 'inst/Parallel_ADC_Stream_v1_0_M00_AXIS_inst/stream_data_out_reg[18]'
INFO: [Synth 8-3886] merging instance 'inst/Parallel_ADC_Stream_v1_0_M00_AXIS_inst/stream_data_out_reg[18]' (FDE) to 'inst/Parallel_ADC_Stream_v1_0_M00_AXIS_inst/stream_data_out_reg[19]'
INFO: [Synth 8-3886] merging instance 'inst/Parallel_ADC_Stream_v1_0_M00_AXIS_inst/stream_data_out_reg[19]' (FDE) to 'inst/Parallel_ADC_Stream_v1_0_M00_AXIS_inst/stream_data_out_reg[20]'
INFO: [Synth 8-3886] merging instance 'inst/Parallel_ADC_Stream_v1_0_M00_AXIS_inst/stream_data_out_reg[20]' (FDE) to 'inst/Parallel_ADC_Stream_v1_0_M00_AXIS_inst/stream_data_out_reg[21]'
INFO: [Synth 8-3886] merging instance 'inst/Parallel_ADC_Stream_v1_0_M00_AXIS_inst/stream_data_out_reg[21]' (FDE) to 'inst/Parallel_ADC_Stream_v1_0_M00_AXIS_inst/stream_data_out_reg[22]'
INFO: [Synth 8-3886] merging instance 'inst/Parallel_ADC_Stream_v1_0_M00_AXIS_inst/stream_data_out_reg[22]' (FDE) to 'inst/Parallel_ADC_Stream_v1_0_M00_AXIS_inst/stream_data_out_reg[23]'
INFO: [Synth 8-3886] merging instance 'inst/Parallel_ADC_Stream_v1_0_M00_AXIS_inst/stream_data_out_reg[23]' (FDE) to 'inst/Parallel_ADC_Stream_v1_0_M00_AXIS_inst/stream_data_out_reg[24]'
INFO: [Synth 8-3886] merging instance 'inst/Parallel_ADC_Stream_v1_0_M00_AXIS_inst/stream_data_out_reg[24]' (FDE) to 'inst/Parallel_ADC_Stream_v1_0_M00_AXIS_inst/stream_data_out_reg[25]'
INFO: [Synth 8-3886] merging instance 'inst/Parallel_ADC_Stream_v1_0_M00_AXIS_inst/stream_data_out_reg[25]' (FDE) to 'inst/Parallel_ADC_Stream_v1_0_M00_AXIS_inst/stream_data_out_reg[26]'
INFO: [Synth 8-3886] merging instance 'inst/Parallel_ADC_Stream_v1_0_M00_AXIS_inst/stream_data_out_reg[26]' (FDE) to 'inst/Parallel_ADC_Stream_v1_0_M00_AXIS_inst/stream_data_out_reg[27]'
INFO: [Synth 8-3886] merging instance 'inst/Parallel_ADC_Stream_v1_0_M00_AXIS_inst/stream_data_out_reg[27]' (FDE) to 'inst/Parallel_ADC_Stream_v1_0_M00_AXIS_inst/stream_data_out_reg[28]'
INFO: [Synth 8-3886] merging instance 'inst/Parallel_ADC_Stream_v1_0_M00_AXIS_inst/stream_data_out_reg[28]' (FDE) to 'inst/Parallel_ADC_Stream_v1_0_M00_AXIS_inst/stream_data_out_reg[29]'
INFO: [Synth 8-3886] merging instance 'inst/Parallel_ADC_Stream_v1_0_M00_AXIS_inst/stream_data_out_reg[29]' (FDE) to 'inst/Parallel_ADC_Stream_v1_0_M00_AXIS_inst/stream_data_out_reg[30]'
INFO: [Synth 8-3886] merging instance 'inst/Parallel_ADC_Stream_v1_0_M00_AXIS_inst/stream_data_out_reg[30]' (FDE) to 'inst/Parallel_ADC_Stream_v1_0_M00_AXIS_inst/stream_data_out_reg[31]'
INFO: [Synth 8-3333] propagating constant 0 across sequential element (\inst/Parallel_ADC_Stream_v1_0_M00_AXIS_inst/stream_data_out_reg[31] )
INFO: [Synth 8-3332] Sequential element (inst/Parallel_ADC_Stream_v1_0_M00_AXIS_inst/start_reg[31]) is unused and will be removed from module ADC_Parallel_ADC_Stream_0_0.
INFO: [Synth 8-3332] Sequential element (inst/Parallel_ADC_Stream_v1_0_M00_AXIS_inst/stream_data_out_reg[31]) is unused and will be removed from module ADC_Parallel_ADC_Stream_0_0.
---------------------------------------------------------------------------------
Finished Cross Boundary and Area Optimization : Time (s): cpu = 00:00:34 ; elapsed = 00:00:37 . Memory (MB): peak = 725.223 ; gain = 473.246
---------------------------------------------------------------------------------

Report RTL Partitions: 
+-+--------------+------------+----------+
| |RTL Partition |Replication |Instances |
+-+--------------+------------+----------+
+-+--------------+------------+----------+
---------------------------------------------------------------------------------
Start Applying XDC Timing Constraints
---------------------------------------------------------------------------------
---------------------------------------------------------------------------------
Finished Applying XDC Timing Constraints : Time (s): cpu = 00:00:53 ; elapsed = 00:00:57 . Memory (MB): peak = 733.230 ; gain = 481.254
---------------------------------------------------------------------------------
---------------------------------------------------------------------------------
Start Timing Optimization
---------------------------------------------------------------------------------
---------------------------------------------------------------------------------
Finished Timing Optimization : Time (s): cpu = 00:00:53 ; elapsed = 00:00:57 . Memory (MB): peak = 733.305 ; gain = 481.328
---------------------------------------------------------------------------------

Report RTL Partitions: 
+-+--------------+------------+----------+
| |RTL Partition |Replication |Instances |
+-+--------------+------------+----------+
+-+--------------+------------+----------+
---------------------------------------------------------------------------------
Start Technology Mapping
---------------------------------------------------------------------------------
---------------------------------------------------------------------------------
Finished Technology Mapping : Time (s): cpu = 00:00:53 ; elapsed = 00:00:57 . Memory (MB): peak = 752.871 ; gain = 500.895
---------------------------------------------------------------------------------

Report RTL Partitions: 
+-+--------------+------------+----------+
| |RTL Partition |Replication |Instances |
+-+--------------+------------+----------+
+-+--------------+------------+----------+
---------------------------------------------------------------------------------
Start IO Insertion
---------------------------------------------------------------------------------
---------------------------------------------------------------------------------
Start Flattening Before IO Insertion
---------------------------------------------------------------------------------
---------------------------------------------------------------------------------
Finished Flattening Before IO Insertion
---------------------------------------------------------------------------------
---------------------------------------------------------------------------------
Start Final Netlist Cleanup
---------------------------------------------------------------------------------
---------------------------------------------------------------------------------
Finished Final Netlist Cleanup
---------------------------------------------------------------------------------
---------------------------------------------------------------------------------
Finished IO Insertion : Time (s): cpu = 00:00:55 ; elapsed = 00:00:58 . Memory (MB): peak = 752.871 ; gain = 500.895
---------------------------------------------------------------------------------

Report Check Netlist: 
+------+------------------+-------+---------+-------+------------------+
|      |Item              |Errors |Warnings |Status |Description       |
+------+------------------+-------+---------+-------+------------------+
|1     |multi_driven_nets |      0|        0|Passed |Multi driven nets |
+------+------------------+-------+---------+-------+------------------+
---------------------------------------------------------------------------------
Start Renaming Generated Instances
---------------------------------------------------------------------------------
---------------------------------------------------------------------------------
Finished Renaming Generated Instances : Time (s): cpu = 00:00:55 ; elapsed = 00:00:58 . Memory (MB): peak = 752.871 ; gain = 500.895
---------------------------------------------------------------------------------

Report RTL Partitions: 
+-+--------------+------------+----------+
| |RTL Partition |Replication |Instances |
+-+--------------+------------+----------+
+-+--------------+------------+----------+
---------------------------------------------------------------------------------
Start Rebuilding User Hierarchy
---------------------------------------------------------------------------------
---------------------------------------------------------------------------------
Finished Rebuilding User Hierarchy : Time (s): cpu = 00:00:55 ; elapsed = 00:00:58 . Memory (MB): peak = 752.871 ; gain = 500.895
---------------------------------------------------------------------------------
---------------------------------------------------------------------------------
Start Renaming Generated Ports
---------------------------------------------------------------------------------
---------------------------------------------------------------------------------
Finished Renaming Generated Ports : Time (s): cpu = 00:00:55 ; elapsed = 00:00:58 . Memory (MB): peak = 752.871 ; gain = 500.895
---------------------------------------------------------------------------------
---------------------------------------------------------------------------------
Start Handling Custom Attributes
---------------------------------------------------------------------------------
---------------------------------------------------------------------------------
Finished Handling Custom Attributes : Time (s): cpu = 00:00:55 ; elapsed = 00:00:58 . Memory (MB): peak = 752.871 ; gain = 500.895
---------------------------------------------------------------------------------
---------------------------------------------------------------------------------
Start Renaming Generated Nets
---------------------------------------------------------------------------------
---------------------------------------------------------------------------------
Finished Renaming Generated Nets : Time (s): cpu = 00:00:55 ; elapsed = 00:00:58 . Memory (MB): peak = 752.871 ; gain = 500.895
---------------------------------------------------------------------------------
---------------------------------------------------------------------------------
Start Writing Synthesis Report
---------------------------------------------------------------------------------

Report BlackBoxes: 
+-+--------------+----------+
| |BlackBox name |Instances |
+-+--------------+----------+
+-+--------------+----------+

Report Cell Usage: 
+------+--------+------+
|      |Cell    |Count |
+------+--------+------+
|1     |BUFG    |     1|
|2     |CARRY4  |    11|
|3     |LUT1    |     1|
|4     |LUT2    |     1|
|5     |LUT3    |    13|
|6     |LUT4    |     7|
|7     |LUT5    |     2|
|8     |LUT6    |     7|
|9     |FDRE    |    49|
|10    |IBUFGDS |     1|
+------+--------+------+

Report Instance Areas: 
+------+-------------------------------------------+----------------------------------+------+
|      |Instance                                   |Module                            |Cells |
+------+-------------------------------------------+----------------------------------+------+
|1     |top                                        |                                  |    93|
|2     |  inst                                     |Parallel_ADC_Stream_v1_0          |    93|
|3     |    Parallel_ADC_Stream_v1_0_M00_AXIS_inst |Parallel_ADC_Stream_v1_0_M00_AXIS |    93|
+------+-------------------------------------------+----------------------------------+------+
---------------------------------------------------------------------------------
Finished Writing Synthesis Report : Time (s): cpu = 00:00:55 ; elapsed = 00:00:58 . Memory (MB): peak = 752.871 ; gain = 500.895
---------------------------------------------------------------------------------
Synthesis finished with 0 errors, 0 critical warnings and 1 warnings.
Synthesis Optimization Runtime : Time (s): cpu = 00:00:33 ; elapsed = 00:00:47 . Memory (MB): peak = 752.871 ; gain = 183.738
Synthesis Optimization Complete : Time (s): cpu = 00:00:55 ; elapsed = 00:00:59 . Memory (MB): peak = 752.871 ; gain = 500.895
INFO: [Project 1-571] Translating synthesized netlist
INFO: [Netlist 29-17] Analyzing 12 Unisim elements for replacement
INFO: [Netlist 29-28] Unisim Transformation completed in 0 CPU seconds
INFO: [Project 1-570] Preparing netlist for logic optimization
INFO: [Opt 31-138] Pushed 0 inverter(s) to 0 load pin(s).
INFO: [Project 1-111] Unisim Transformation Summary:
  A total of 1 instances were transformed.
  IBUFGDS => IBUFDS: 1 instances

INFO: [Common 17-83] Releasing license: Synthesis
87 Infos, 2 Warnings, 0 Critical Warnings and 0 Errors encountered.
synth_design completed successfully
synth_design: Time (s): cpu = 00:00:58 ; elapsed = 00:01:02 . Memory (MB): peak = 754.895 ; gain = 510.891
INFO: [Common 17-1381] The checkpoint 'D:/NextLab/Vivado/redpitaya_Practice/redpitaya_Practice.runs/ADC_Parallel_ADC_Stream_0_0_synth_1/ADC_Parallel_ADC_Stream_0_0.dcp' has been generated.
INFO: [Coretcl 2-1482] Added synthesis output to IP cache for IP d:/NextLab/Vivado/redpitaya_Practice/redpitaya_Practice.srcs/sources_1/bd/ADC/ip/ADC_Parallel_ADC_Stream_0_0/ADC_Parallel_ADC_Stream_0_0.xci
INFO: [Coretcl 2-1174] Renamed 2 cell refs.
INFO: [Common 17-1381] The checkpoint 'D:/NextLab/Vivado/redpitaya_Practice/redpitaya_Practice.runs/ADC_Parallel_ADC_Stream_0_0_synth_1/ADC_Parallel_ADC_Stream_0_0.dcp' has been generated.
INFO: [runtcl-4] Executing : report_utilization -file ADC_Parallel_ADC_Stream_0_0_utilization_synth.rpt -pb ADC_Parallel_ADC_Stream_0_0_utilization_synth.pb
report_utilization: Time (s): cpu = 00:00:00 ; elapsed = 00:00:00.041 . Memory (MB): peak = 754.895 ; gain = 0.000
INFO: [Common 17-206] Exiting Vivado at Sun May 27 10:03:37 2018...
